# JRE version: Java(TM) SE Runtime Environment (8.0_66-b17) (build 1.8.0_66-b17)
# Java VM: Java HotSpot(TM) 64-Bit Server VM (25.66-b17 mixed mode linux-amd64 compressed oops)
Heap:
 PSYoungGen      total 4170752K, used 0K [0x000000066ab00000, 0x00000007c0000000, 0x00000007c0000000)
  eden space 2736640K, 0% used [0x000000066ab00000,0x000000066ab00000,0x0000000711b80000)
  from space 1434112K, 0% used [0x0000000768780000,0x0000000768780000,0x00000007c0000000)
  to   space 1421312K, 0% used [0x0000000711b80000,0x0000000711b80000,0x0000000768780000)
 ParOldGen       total 7959040K, used 6949893K [0x00000003c0000000, 0x00000005a5c80000, 0x000000066ab00000)
  object space 7959040K, 87% used [0x00000003c0000000,0x0000000568301638,0x00000005a5c80000)
 Metaspace       used 5882K, capacity 6146K, committed 6400K, reserved 1056768K
  class space    used 666K, capacity 757K, committed 768K, reserved 1048576K
GC Heap History (10 events):
Event: 279,155 GC heap after
Heap after GC invocations=33 (full 9):
 PSYoungGen      total 3909632K, used 0K [0x000000066ab00000, 0x00000007c0000000, 0x00000007c0000000)
  eden space 2424832K, 0% used [0x000000066ab00000,0x000000066ab00000,0x00000006feb00000)
  from space 1484800K, 0% used [0x0000000756a00000,0x0000000756a00000,0x00000007b1400000)
  to   space 1440768K, 0% used [0x00000006feb00000,0x00000006feb00000,0x0000000756a00000)
 ParOldGen       total 7959040K, used 6064777K [0x00000003c0000000, 0x00000005a5c80000, 0x000000066ab00000)
  object space 7959040K, 76% used [0x00000003c0000000,0x00000005322a27f0,0x00000005a5c80000)
 Metaspace       used 5882K, capacity 6146K, committed 6400K, reserved 1056768K
  class space    used 666K, capacity 757K, committed 768K, reserved 1048576K
}
Event: 279,882 GC heap before
{Heap before GC invocations=34 (full 9):
 PSYoungGen      total 3909632K, used 2424832K [0x000000066ab00000, 0x00000007c0000000, 0x00000007c0000000)
  eden space 2424832K, 100% used [0x000000066ab00000,0x00000006feb00000,0x00000006feb00000)
  from space 1484800K, 0% used [0x0000000756a00000,0x0000000756a00000,0x00000007b1400000)
  to   space 1440768K, 0% used [0x00000006feb00000,0x00000006feb00000,0x0000000756a00000)
 ParOldGen       total 7959040K, used 6064777K [0x00000003c0000000, 0x00000005a5c80000, 0x000000066ab00000)
  object space 7959040K, 76% used [0x00000003c0000000,0x00000005322a27f0,0x00000005a5c80000)
 Metaspace       used 5882K, capacity 6146K, committed 6400K, reserved 1056768K
  class space    used 666K, capacity 757K, committed 768K, reserved 1048576K
Event: 279,970 GC heap after
Heap after GC invocations=34 (full 9):
 PSYoungGen      total 3865600K, used 562620K [0x000000066ab00000, 0x00000007b5000000, 0x00000007c0000000)
  eden space 2424832K, 0% used [0x000000066ab00000,0x000000066ab00000,0x00000006feb00000)
  from space 1440768K, 39% used [0x00000006feb00000,0x000000072106f168,0x0000000756a00000)
  to   space 1372672K, 0% used [0x0000000761380000,0x0000000761380000,0x00000007b5000000)
 ParOldGen       total 7959040K, used 6064777K [0x00000003c0000000, 0x00000005a5c80000, 0x000000066ab00000)
  object space 7959040K, 76% used [0x00000003c0000000,0x00000005322a27f0,0x00000005a5c80000)
 Metaspace       used 5882K, capacity 6146K, committed 6400K, reserved 1056768K
  class space    used 666K, capacity 757K, committed 768K, reserved 1048576K
}
Event: 280,810 GC heap before
{Heap before GC invocations=35 (full 9):
 PSYoungGen      total 3865600K, used 2987452K [0x000000066ab00000, 0x00000007b5000000, 0x00000007c0000000)
  eden space 2424832K, 100% used [0x000000066ab00000,0x00000006feb00000,0x00000006feb00000)
  from space 1440768K, 39% used [0x00000006feb00000,0x000000072106f168,0x0000000756a00000)
  to   space 1372672K, 0% used [0x0000000761380000,0x0000000761380000,0x00000007b5000000)
 ParOldGen       total 7959040K, used 6064777K [0x00000003c0000000, 0x00000005a5c80000, 0x000000066ab00000)
  object space 7959040K, 76% used [0x00000003c0000000,0x00000005322a27f0,0x00000005a5c80000)
 Metaspace       used 5882K, capacity 6146K, committed 6400K, reserved 1056768K
  class space    used 666K, capacity 757K, committed 768K, reserved 1048576K
Event: 281,178 GC heap after
Heap after GC invocations=35 (full 9):
 PSYoungGen      total 4032512K, used 150383K [0x000000066ab00000, 0x00000007bca80000, 0x00000007c0000000)
  eden space 2659840K, 0% used [0x000000066ab00000,0x000000066ab00000,0x000000070d080000)
  from space 1372672K, 10% used [0x0000000761380000,0x000000076a65bff0,0x00000007b5000000)
  to   space 1379328K, 0% used [0x000000070d080000,0x000000070d080000,0x0000000761380000)
 ParOldGen       total 7959040K, used 6623698K [0x00000003c0000000, 0x00000005a5c80000, 0x000000066ab00000)
  object space 7959040K, 83% used [0x00000003c0000000,0x0000000554474bc0,0x00000005a5c80000)
 Metaspace       used 5882K, capacity 6146K, committed 6400K, reserved 1056768K
  class space    used 666K, capacity 757K, committed 768K, reserved 1048576K
}
Event: 282,117 GC heap before
{Heap before GC invocations=36 (full 9):
 PSYoungGen      total 4032512K, used 2810223K [0x000000066ab00000, 0x00000007bca80000, 0x00000007c0000000)
  eden space 2659840K, 100% used [0x000000066ab00000,0x000000070d080000,0x000000070d080000)
  from space 1372672K, 10% used [0x0000000761380000,0x000000076a65bff0,0x00000007b5000000)
  to   space 1379328K, 0% used [0x000000070d080000,0x000000070d080000,0x0000000761380000)
 ParOldGen       total 7959040K, used 6623698K [0x00000003c0000000, 0x00000005a5c80000, 0x000000066ab00000)
  object space 7959040K, 83% used [0x00000003c0000000,0x0000000554474bc0,0x00000005a5c80000)
 Metaspace       used 5882K, capacity 6146K, committed 6400K, reserved 1056768K
  class space    used 666K, capacity 757K, committed 768K, reserved 1048576K
Event: 282,310 GC heap after
Heap after GC invocations=36 (full 9):
 PSYoungGen      total 4039168K, used 943895K [0x000000066ab00000, 0x00000007c0000000, 0x00000007c0000000)
  eden space 2659840K, 0% used [0x000000066ab00000,0x000000066ab00000,0x000000070d080000)
  from space 1379328K, 68% used [0x000000070d080000,0x0000000746a45f70,0x0000000761380000)
  to   space 1434112K, 0% used [0x0000000768780000,0x0000000768780000,0x00000007c0000000)
 ParOldGen       total 7959040K, used 6769218K [0x00000003c0000000, 0x00000005a5c80000, 0x000000066ab00000)
  object space 7959040K, 85% used [0x00000003c0000000,0x000000055d290bd0,0x00000005a5c80000)
 Metaspace       used 5882K, capacity 6146K, committed 6400K, reserved 1056768K
  class space    used 666K, capacity 757K, committed 768K, reserved 1048576K
}
Event: 283,457 GC heap before
{Heap before GC invocations=37 (full 9):
 PSYoungGen      total 4039168K, used 3603735K [0x000000066ab00000, 0x00000007c0000000, 0x00000007c0000000)
  eden space 2659840K, 100% used [0x000000066ab00000,0x000000070d080000,0x000000070d080000)
  from space 1379328K, 68% used [0x000000070d080000,0x0000000746a45f70,0x0000000761380000)
  to   space 1434112K, 0% used [0x0000000768780000,0x0000000768780000,0x00000007c0000000)
 ParOldGen       total 7959040K, used 6769218K [0x00000003c0000000, 0x00000005a5c80000, 0x000000066ab00000)
  object space 7959040K, 85% used [0x00000003c0000000,0x000000055d290bd0,0x00000005a5c80000)
 Metaspace       used 5882K, capacity 6146K, committed 6400K, reserved 1056768K
  class space    used 666K, capacity 757K, committed 768K, reserved 1048576K
Event: 284,016 GC heap after
Heap after GC invocations=37 (full 9):
 PSYoungGen      total 4170752K, used 209554K [0x000000066ab00000, 0x00000007c0000000, 0x00000007c0000000)
  eden space 2736640K, 0% used [0x000000066ab00000,0x000000066ab00000,0x0000000711b80000)
  from space 1434112K, 14% used [0x0000000768780000,0x00000007754248c8,0x00000007c0000000)
  to   space 1421312K, 0% used [0x0000000711b80000,0x0000000711b80000,0x0000000768780000)
 ParOldGen       total 7959040K, used 7709641K [0x00000003c0000000, 0x00000005a5c80000, 0x000000066ab00000)
  object space 7959040K, 96% used [0x00000003c0000000,0x00000005968f2740,0x00000005a5c80000)
 Metaspace       used 5882K, capacity 6146K, committed 6400K, reserved 1056768K
  class space    used 666K, capacity 757K, committed 768K, reserved 1048576K
}
Event: 284,016 GC heap before
{Heap before GC invocations=38 (full 10):
 PSYoungGen      total 4170752K, used 209554K [0x000000066ab00000, 0x00000007c0000000, 0x00000007c0000000)
  eden space 2736640K, 0% used [0x000000066ab00000,0x000000066ab00000,0x0000000711b80000)
  from space 1434112K, 14% used [0x0000000768780000,0x00000007754248c8,0x00000007c0000000)
  to   space 1421312K, 0% used [0x0000000711b80000,0x0000000711b80000,0x0000000768780000)
 ParOldGen       total 7959040K, used 7709641K [0x00000003c0000000, 0x00000005a5c80000, 0x000000066ab00000)
  object space 7959040K, 96% used [0x00000003c0000000,0x00000005968f2740,0x00000005a5c80000)
 Metaspace       used 5882K, capacity 6146K, committed 6400K, reserved 1056768K
  class space    used 666K, capacity 757K, committed 768K, reserved 1048576K

